<?xml version="1.0" encoding="UTF-8"?>
<!-- Generated by org.testng.reporters.JUnitReportReporter -->
<testsuite hostname="Admins-iMac.local" failures="0" tests="1" name="com.debug.testngDebug.AppTestOne" time="0.012" errors="0" timestamp="2020-01-06T12:38:11 IST" skipped="0">
  <testcase classname="com.debug.testngDebug.AppTestOne" name="testOne" time="0.012"/>
  <system-out/>
</testsuite> <!-- com.debug.testngDebug.AppTestOne -->
